gradleBuild/outputs/logs/manifest-merger-debug-report.txt
-- Merging decision tree log ---
manifest
ADDED from android/tfmobile/AndroidManifest.xml:16:1-61:12
MERGED from [org.tensorflow:tensorflow-android:1.5.0] AndroidManifest.xml:2:1-8:12
MERGED from [com.google.ar:core:1.0.0] AndroidManifest.xml:17:1-44:12
MERGED from [com.android.support:design:27.0.2] AndroidManifest.xml:17:1-22:12
MERGED from [com.android.support:appcompat-v7:27.0.2] AndroidManifest.xml:17:1-22:12
MERGED from [com.android.support:support-v4:27.0.2] AndroidManifest.xml:17:1-22:12
MERGED from [com.android.support:support-fragment:27.0.2] AndroidManifest.xml:17:1-22:12
MERGED from [com.android.support:support-core-utils:27.0.2] AndroidManifest.xml:17:1-22:12
MERGED from [com.android.support:animated-vector-drawable:27.0.2] AndroidManifest.xml:17:1-22:12
MERGED from [com.android.support:support-vector-drawable:27.0.2] AndroidManifest.xml:17:1-22:12
MERGED from [com.android.support:recyclerview-v7:27.0.2] AndroidManifest.xml:17:1-22:12
MERGED from [com.android.support:transition:27.0.2] AndroidManifest.xml:17:1-22:12
MERGED from [com.android.support:support-core-ui:27.0.2] AndroidManifest.xml:17:1-22:12
MERGED from [com.android.support:support-media-compat:27.0.2] AndroidManifest.xml:17:1-22:12
MERGED from [com.android.support:support-compat:27.0.2] AndroidManifest.xml:17:1-22:12
MERGED from [android.arch.lifecycle:runtime:1.0.3] AndroidManifest.xml:17:1-24:12
	package
		ADDED from android/tfmobile/AndroidManifest.xml:17:5-34
	xmlns:android
		ADDED from android/tfmobile/AndroidManifest.xml:16:11-69
uses-sdk
ADDED from android/tfmobile/AndroidManifest.xml:19:5-21:41
MERGED from [com.google.ar:core:1.0.0] AndroidManifest.xml:25:5-44
MERGED from [com.google.ar:core:1.0.0] AndroidManifest.xml:25:5-44
MERGED from [com.google.ar:core:1.0.0] AndroidManifest.xml:26:5-47
MERGED from [com.google.ar:core:1.0.0] AndroidManifest.xml:26:5-47
MERGED from [com.android.support:design:27.0.2] AndroidManifest.xml:20:5-44
MERGED from [com.android.support:design:27.0.2] AndroidManifest.xml:20:5-44
MERGED from [com.android.support:appcompat-v7:27.0.2] AndroidManifest.xml:20:5-44
MERGED from [com.android.support:appcompat-v7:27.0.2] AndroidManifest.xml:20:5-44
MERGED from [com.android.support:support-v4:27.0.2] AndroidManifest.xml:20:5-44
MERGED from [com.android.support:support-v4:27.0.2] AndroidManifest.xml:20:5-44
MERGED from [com.android.support:support-fragment:27.0.2] AndroidManifest.xml:20:5-44
MERGED from [com.android.support:support-fragment:27.0.2] AndroidManifest.xml:20:5-44
MERGED from [com.android.support:support-core-utils:27.0.2] AndroidManifest.xml:20:5-44
MERGED from [com.android.support:support-core-utils:27.0.2] AndroidManifest.xml:20:5-44
MERGED from [com.android.support:animated-vector-drawable:27.0.2] AndroidManifest.xml:20:5-44
MERGED from [com.android.support:animated-vector-drawable:27.0.2] AndroidManifest.xml:20:5-44
MERGED from [com.android.support:support-vector-drawable:27.0.2] AndroidManifest.xml:20:5-44
MERGED from [com.android.support:support-vector-drawable:27.0.2] AndroidManifest.xml:20:5-44
MERGED from [com.android.support:recyclerview-v7:27.0.2] AndroidManifest.xml:20:5-44
MERGED from [com.android.support:recyclerview-v7:27.0.2] AndroidManifest.xml:20:5-44
MERGED from [com.android.support:transition:27.0.2] AndroidManifest.xml:20:5-44
MERGED from [com.android.support:transition:27.0.2] AndroidManifest.xml:20:5-44
MERGED from [com.android.support:support-core-ui:27.0.2] AndroidManifest.xml:20:5-44
MERGED from [com.android.support:support-core-ui:27.0.2] AndroidManifest.xml:20:5-44
MERGED from [com.android.support:support-media-compat:27.0.2] AndroidManifest.xml:20:5-44
MERGED from [com.android.support:support-media-compat:27.0.2] AndroidManifest.xml:20:5-44
MERGED from [com.android.support:support-compat:27.0.2] AndroidManifest.xml:20:5-44
MERGED from [com.android.support:support-compat:27.0.2] AndroidManifest.xml:20:5-44
MERGED from [android.arch.lifecycle:runtime:1.0.3] AndroidManifest.xml:20:5-22:41
MERGED from [android.arch.lifecycle:runtime:1.0.3] AndroidManifest.xml:20:5-22:41
	android:targetSdkVersion
		ADDED from android/tfmobile/AndroidManifest.xml:21:9-38
	android:minSdkVersion
		ADDED from android/tfmobile/AndroidManifest.xml:20:9-35
		MERGED from android/tfmobile/AndroidManifest.xml:20:9-35
uses-permission#android.permission.CAMERA
ADDED from android/tfmobile/AndroidManifest.xml:23:5-64
	android:name
		ADDED from android/tfmobile/AndroidManifest.xml:23:22-62
uses-feature#android.hardware.camera.ar
ADDED from android/tfmobile/AndroidManifest.xml:26:5-86
	android:required
		ADDED from android/tfmobile/AndroidManifest.xml:26:61-84
	android:name
		ADDED from android/tfmobile/AndroidManifest.xml:26:19-60
uses-feature#android.hardware.camera
ADDED from android/tfmobile/AndroidManifest.xml:28:5-60
	android:name
		ADDED from android/tfmobile/AndroidManifest.xml:28:19-57
uses-feature#android.hardware.camera.autofocus
ADDED from android/tfmobile/AndroidManifest.xml:29:5-70
	android:name
		ADDED from android/tfmobile/AndroidManifest.xml:29:19-67
uses-permission#android.permission.WRITE_EXTERNAL_STORAGE
ADDED from android/tfmobile/AndroidManifest.xml:31:5-81
	android:name
		ADDED from android/tfmobile/AndroidManifest.xml:31:22-78
uses-permission#android.permission.READ_PHONE_STATE
ADDED from android/tfmobile/AndroidManifest.xml:32:5-75
	android:name
		ADDED from android/tfmobile/AndroidManifest.xml:32:22-72
uses-permission#android.permission.READ_EXTERNAL_STORAGE
ADDED from android/tfmobile/AndroidManifest.xml:33:5-80
	android:name
		ADDED from android/tfmobile/AndroidManifest.xml:33:22-77
application
ADDED from android/tfmobile/AndroidManifest.xml:35:5-57:19
MERGED from [org.tensorflow:tensorflow-android:1.5.0] AndroidManifest.xml:5:5-6:19
MERGED from [org.tensorflow:tensorflow-android:1.5.0] AndroidManifest.xml:5:5-6:19
MERGED from [com.google.ar:core:1.0.0] AndroidManifest.xml:28:5-42:19
MERGED from [com.google.ar:core:1.0.0] AndroidManifest.xml:28:5-42:19
	android:label
		ADDED from android/tfmobile/AndroidManifest.xml:39:9-41
	android:debuggable
		ADDED from android/tfmobile/AndroidManifest.xml:37:9-34
	android:icon
		ADDED from android/tfmobile/AndroidManifest.xml:38:9-45
	android:allowBackup
		ADDED from android/tfmobile/AndroidManifest.xml:36:9-35
	android:theme
		ADDED from android/tfmobile/AndroidManifest.xml:40:9-45
	android:usesCleartextTraffic
		ADDED from android/tfmobile/AndroidManifest.xml:41:9-45
activity#org.tensorflow.demo.ClassifierActivity
ADDED from android/tfmobile/AndroidManifest.xml:42:9-51:20
	android:screenOrientation
		ADDED from android/tfmobile/AndroidManifest.xml:45:13-49
	android:label
		ADDED from android/tfmobile/AndroidManifest.xml:44:13-65
	android:name
		ADDED from android/tfmobile/AndroidManifest.xml:43:13-47
intent-filter#action:name:android.intent.action.MAIN+category:name:android.intent.category.LAUNCHER
ADDED from android/tfmobile/AndroidManifest.xml:46:13-50:29
action#android.intent.action.MAIN
ADDED from android/tfmobile/AndroidManifest.xml:47:17-69
	android:name
		ADDED from android/tfmobile/AndroidManifest.xml:47:25-66
category#android.intent.category.LAUNCHER
ADDED from android/tfmobile/AndroidManifest.xml:49:17-77
	android:name
		ADDED from android/tfmobile/AndroidManifest.xml:49:27-74
activity#org.tensorflow.demo.HelloArActivity
ADDED from android/tfmobile/AndroidManifest.xml:53:9-53
	android:name
		ADDED from android/tfmobile/AndroidManifest.xml:53:19-50
meta-data#com.google.ar.core
ADDED from android/tfmobile/AndroidManifest.xml:55:9-81
	android:value
		ADDED from android/tfmobile/AndroidManifest.xml:55:54-78
	android:name
		ADDED from android/tfmobile/AndroidManifest.xml:55:20-53
activity#com.google.ar.core.InstallActivity
ADDED from [com.google.ar:core:1.0.0] AndroidManifest.xml:31:9-37:80
	android:excludeFromRecents
		ADDED from [com.google.ar:core:1.0.0] AndroidManifest.xml:34:13-46
	android:launchMode
		ADDED from [com.google.ar:core:1.0.0] AndroidManifest.xml:36:13-43
	android:exported
		ADDED from [com.google.ar:core:1.0.0] AndroidManifest.xml:35:13-37
	android:configChanges
		ADDED from [com.google.ar:core:1.0.0] AndroidManifest.xml:33:13-74
	android:theme
		ADDED from [com.google.ar:core:1.0.0] AndroidManifest.xml:37:13-77
	android:name
		ADDED from [com.google.ar:core:1.0.0] AndroidManifest.xml:32:13-62
meta-data#com.google.ar.core.min_apk_version
ADDED from [com.google.ar:core:1.0.0] AndroidManifest.xml:39:9-41:41
	android:value
		ADDED from [com.google.ar:core:1.0.0] AndroidManifest.xml:41:13-38
	android:name
		ADDED from [com.google.ar:core:1.0.0] AndroidManifest.xml:40:13-62